<?xml version="1.0" encoding="UTF-8"?>
<testng-results skipped="0" failed="0" total="1" passed="1">
  <reporter-output>
  </reporter-output>
  <suite name="Default suite" duration-ms="36" started-at="2019-06-02T17:57:30Z" finished-at="2019-06-02T17:57:30Z">
    <groups>
    </groups>
    <test name="Default test" duration-ms="36" started-at="2019-06-02T17:57:30Z" finished-at="2019-06-02T17:57:30Z">
      <class name="base.BasePage">
        <test-method status="PASS" signature="setUp()[pri:0, instance:base.BasePage@3d921e20]" name="setUp" is-config="true" duration-ms="7215" started-at="2019-06-02T10:57:23Z" finished-at="2019-06-02T10:57:30Z">
          <reporter-output>
          </reporter-output>
        </test-method> <!-- setUp -->
        <test-method status="PASS" signature="test_case_1()[pri:0, instance:base.BasePage@3d921e20]" name="test_case_1" duration-ms="17" started-at="2019-06-02T10:57:30Z" finished-at="2019-06-02T10:57:30Z">
          <reporter-output>
          </reporter-output>
        </test-method> <!-- test_case_1 -->
        <test-method status="PASS" signature="tearDown()[pri:0, instance:base.BasePage@3d921e20]" name="tearDown" is-config="true" duration-ms="757" started-at="2019-06-02T10:57:30Z" finished-at="2019-06-02T10:57:31Z">
          <reporter-output>
          </reporter-output>
        </test-method> <!-- tearDown -->
      </class> <!-- base.BasePage -->
    </test> <!-- Default test -->
  </suite> <!-- Default suite -->
</testng-results>
