<?xml version="1.0" encoding="UTF-8"?>
<testng-results skipped="0" failed="0" ignored="1" total="1" passed="0">
  <reporter-output>
  </reporter-output>
  <suite name="Suite" duration-ms="134" started-at="2020-02-18T06:16:15Z" finished-at="2020-02-18T06:16:15Z">
    <groups>
    </groups>
    <test name="Test" duration-ms="134" started-at="2020-02-18T06:16:15Z" finished-at="2020-02-18T06:16:15Z">
      <class name="base.BasePage">
        <test-method status="FAIL" signature="testcasese()[pri:0, instance:base.BasePage@6d7b4f4c]" name="testcasese" is-config="true" duration-ms="888" started-at="2020-02-18T06:16:14Z" finished-at="2020-02-18T06:16:15Z">
          <exception class="java.io.FileNotFoundException">
            <message>
              <![CDATA[D:\Data_Driven_Java\Selenium_DataDriven\Data_Driven\Resources\Excel_Files\Regression.xlsx (The system cannot find the file specified)]]>
            </message>
            <full-stacktrace>
              <![CDATA[java.io.FileNotFoundException: D:\Data_Driven_Java\Selenium_DataDriven\Data_Driven\Resources\Excel_Files\Regression.xlsx (The system cannot find the file specified)
at java.io.FileInputStream.open0(Native Method)
at java.io.FileInputStream.open(Unknown Source)
at java.io.FileInputStream.<init>(Unknown Source)
at java.io.FileInputStream.<init>(Unknown Source)
at utilities.Excel_Reader.<init>(Excel_Reader.java:26)
at base.BasePage.testcasese(BasePage.java:61)
at sun.reflect.NativeMethodAccessorImpl.invoke0(Native Method)
at sun.reflect.NativeMethodAccessorImpl.invoke(Unknown Source)
at sun.reflect.DelegatingMethodAccessorImpl.invoke(Unknown Source)
at java.lang.reflect.Method.invoke(Unknown Source)
at org.testng.internal.MethodInvocationHelper.invokeMethod(MethodInvocationHelper.java:124)
at org.testng.internal.MethodInvocationHelper.invokeMethodConsideringTimeout(MethodInvocationHelper.java:59)
at org.testng.internal.Invoker.invokeConfigurationMethod(Invoker.java:455)
at org.testng.internal.Invoker.invokeConfigurations(Invoker.java:222)
at org.testng.internal.Invoker.invokeConfigurations(Invoker.java:142)
at org.testng.SuiteRunner.privateRun(SuiteRunner.java:401)
at org.testng.SuiteRunner.run(SuiteRunner.java:364)
at org.testng.SuiteRunnerWorker.runSuite(SuiteRunnerWorker.java:52)
at org.testng.SuiteRunnerWorker.run(SuiteRunnerWorker.java:84)
at org.testng.TestNG.runSuitesSequentially(TestNG.java:1208)
at org.testng.TestNG.runSuitesLocally(TestNG.java:1137)
at org.testng.TestNG.runSuites(TestNG.java:1049)
at org.testng.TestNG.run(TestNG.java:1017)
at org.testng.remote.AbstractRemoteTestNG.run(AbstractRemoteTestNG.java:114)
at org.testng.remote.RemoteTestNG.initAndRun(RemoteTestNG.java:251)
at org.testng.remote.RemoteTestNG.main(RemoteTestNG.java:77)
]]>
            </full-stacktrace>
          </exception> <!-- java.io.FileNotFoundException -->
          <reporter-output>
          </reporter-output>
        </test-method> <!-- testcasese -->
      </class> <!-- base.BasePage -->
    </test> <!-- Test -->
  </suite> <!-- Suite -->
</testng-results>
