<?xml version="1.0" encoding="UTF-8"?>
<testng-results skipped="0" failed="0" ignored="0" total="1" passed="1">
  <reporter-output>
  </reporter-output>
  <suite name="Suite" duration-ms="44956" started-at="2019-06-26T21:07:50Z" finished-at="2019-06-26T21:08:35Z">
    <groups>
    </groups>
    <test name="Test" duration-ms="44956" started-at="2019-06-26T21:07:50Z" finished-at="2019-06-26T21:08:35Z">
      <class name="testCases.FlightPageTestCase">
        <test-method status="PASS" signature="setUp()[pri:0, instance:testCases.FlightPageTestCase@10bdf5e5]" name="setUp" is-config="true" duration-ms="9931" started-at="2019-06-26T21:07:51Z" finished-at="2019-06-26T21:08:00Z">
          <reporter-output>
          </reporter-output>
        </test-method> <!-- setUp -->
        <test-method status="PASS" signature="TestCase_1()[pri:0, instance:testCases.FlightPageTestCase@10bdf5e5]" name="TestCase_1" duration-ms="34117" started-at="2019-06-26T21:08:00Z" finished-at="2019-06-26T21:08:35Z">
          <reporter-output>
          </reporter-output>
        </test-method> <!-- TestCase_1 -->
        <test-method status="PASS" signature="tearDown()[pri:0, instance:testCases.FlightPageTestCase@10bdf5e5]" name="tearDown" is-config="true" duration-ms="624" started-at="2019-06-26T21:08:35Z" finished-at="2019-06-26T21:08:35Z">
          <reporter-output>
          </reporter-output>
        </test-method> <!-- tearDown -->
      </class> <!-- testCases.FlightPageTestCase -->
    </test> <!-- Test -->
  </suite> <!-- Suite -->
</testng-results>
