<?xml version="1.0" encoding="UTF-8"?>
<!-- Generated by org.testng.reporters.JUnitXMLReporter -->
<testsuite hostname="LIN37000696" ignored="0" name="TC_02" tests="9" failures="0" timestamp="28 Feb 2020 16:46:49 GMT" time="0.066" errors="0">
  <testcase name="f1" time="0.002" classname="testCases.Flight_Test_Cases.Flight_TC_02"/>
  <testcase name="f" time="0.002" classname="testCases.Flight_Test_Cases.Flight_TC_03"/>
  <testcase name="f" time="0.002" classname="testCases.Flight_Test_Cases.Flight_TC_04"/>
  <testcase name="f" time="0.002" classname="testCases.Flight_Test_Cases.Flight_TC_05"/>
  <testcase name="f" time="0.001" classname="testCases.Flight_Test_Cases.Flight_TC_06"/>
  <testcase name="f" time="0.004" classname="testCases.Flight_Test_Cases.Flight_TC_07"/>
  <testcase name="f" time="0.002" classname="testCases.Flight_Test_Cases.Flight_TC_08"/>
  <testcase name="f" time="0.007" classname="testCases.Flight_Test_Cases.Flight_TC_09"/>
  <testcase name="f" time="0.003" classname="testCases.Flight_Test_Cases.Flight_TC_10"/>
</testsuite> <!-- TC_02 -->
