<?xml version="1.0" encoding="UTF-8"?>
<!-- Generated by org.testng.reporters.JUnitXMLReporter -->
<testsuite hostname="LIN37000696" ignored="0" name="TC_01" tests="7" failures="0" timestamp="28 Feb 2020 16:46:49 GMT" time="8.635" errors="0">
  <testcase name="Verify_Colour_Flight_Icon" time="1.272" classname="testCases.Flight_Test_Cases.Flight_TC_01"/>
  <testcase name="Verify_Default_Arr_Date" time="0.004" classname="testCases.Flight_Test_Cases.Flight_TC_01"/>
  <testcase name="Verify_Default_Dep_Date" time="0.006" classname="testCases.Flight_Test_Cases.Flight_TC_01"/>
  <testcase name="Verify_Default_From_Field" time="0.121" classname="testCases.Flight_Test_Cases.Flight_TC_01"/>
  <testcase name="Verify_Default_Search_Btn" time="0.002" classname="testCases.Flight_Test_Cases.Flight_TC_01"/>
  <testcase name="Verify_Default_To_Field" time="0.067" classname="testCases.Flight_Test_Cases.Flight_TC_01"/>
  <testcase name="Verify_Default_TripType" time="0.002" classname="testCases.Flight_Test_Cases.Flight_TC_01"/>
</testsuite> <!-- TC_01 -->
