<?xml version="1.0" encoding="UTF-8"?>
<!-- Generated by org.testng.reporters.JUnitXMLReporter -->
<testsuite hostname="LIN37000696" ignored="0" name="Test" tests="16" failures="0" timestamp="26 Feb 2020 19:14:54 GMT" time="10.612" errors="0">
  <testcase name="Verify_Colour_Flight_Icon" time="0.377" classname="testCases.Flight_Test_Cases.Flight_TC_01"/>
  <testcase name="Verify_Default_Arr_Date" time="0.002" classname="testCases.Flight_Test_Cases.Flight_TC_01"/>
  <testcase name="Verify_Default_Dep_Date" time="0.009" classname="testCases.Flight_Test_Cases.Flight_TC_01"/>
  <testcase name="Verify_Default_From_Field" time="0.13" classname="testCases.Flight_Test_Cases.Flight_TC_01"/>
  <testcase name="Verify_Default_Search_Btn" time="0.008" classname="testCases.Flight_Test_Cases.Flight_TC_01"/>
  <testcase name="Verify_Default_To_Field" time="0.089" classname="testCases.Flight_Test_Cases.Flight_TC_01"/>
  <testcase name="Verify_Default_TripType" time="0.002" classname="testCases.Flight_Test_Cases.Flight_TC_01"/>
  <testcase name="f1" time="0.008" classname="testCases.Flight_Test_Cases.Flight_TC_02"/>
  <testcase name="f" time="0.004" classname="testCases.Flight_Test_Cases.Flight_TC_03"/>
  <testcase name="f" time="0.005" classname="testCases.Flight_Test_Cases.Flight_TC_04"/>
  <testcase name="f" time="0.004" classname="testCases.Flight_Test_Cases.Flight_TC_05"/>
  <testcase name="f" time="0.003" classname="testCases.Flight_Test_Cases.Flight_TC_06"/>
  <testcase name="f" time="0.002" classname="testCases.Flight_Test_Cases.Flight_TC_07"/>
  <testcase name="f" time="0.002" classname="testCases.Flight_Test_Cases.Flight_TC_08"/>
  <testcase name="f" time="0.009" classname="testCases.Flight_Test_Cases.Flight_TC_09"/>
  <testcase name="f" time="0.003" classname="testCases.Flight_Test_Cases.Flight_TC_10"/>
</testsuite> <!-- Test -->
