<?xml version="1.0" encoding="UTF-8"?>
<!-- Generated by org.testng.reporters.JUnitXMLReporter -->
<testsuite hostname="LIN37000696" ignored="4" name="TmpTest" tests="10" failures="0" timestamp="13 Mar 2020 20:45:15 GMT" time="11.614" errors="0">
  <testcase name="TC_01_Return_Verify_From_City" time="0.004" classname="testCases.Flight_Test_Cases.Flight_TS_02"/>
  <testcase name="TC_02_Return_Verify_To_City" time="0.001" classname="testCases.Flight_Test_Cases.Flight_TS_02"/>
  <testcase name="TC_03_Return_Verify_Default_Dep_Date" time="0.001" classname="testCases.Flight_Test_Cases.Flight_TS_02"/>
  <testcase name="TC_04_Return_Verify_Default_Ret_Date" time="0.001" classname="testCases.Flight_Test_Cases.Flight_TS_02"/>
  <testcase name="TC_05_Return_Verify_Search_button" time="0.001" classname="testCases.Flight_Test_Cases.Flight_TS_02"/>
  <testcase name="TC_01_Oneway_Search_Business" time="0.001" classname="testCases.Flight_Test_Cases.Flight_TS_03"/>
  <testcase name="TC_02_Oneway_Search_Economy" time="0.001" classname="testCases.Flight_Test_Cases.Flight_TS_03"/>
  <testcase name="TC_01_Verify_Colour_Flight_Icon" time="0.095" classname="testCases.Flight_Test_Cases.Flight_TS_01"/>
  <testcase name="TC_02_Verify_Default_TripType" time="0.0" classname="testCases.Flight_Test_Cases.Flight_TS_01"/>
  <testcase name="TC_04_Verify_Default_To_Field" time="0.069" classname="testCases.Flight_Test_Cases.Flight_TS_01"/>
  <testcase name="TC_06_Verify_Default_Arr_Date" time="0.0" classname="testCases.Flight_Test_Cases.Flight_TS_01">
    <ignored/>
  </testcase> <!-- TC_06_Verify_Default_Arr_Date -->
  <testcase name="TC_03_Verify_Default_From_Field" time="0.0" classname="testCases.Flight_Test_Cases.Flight_TS_01">
    <ignored/>
  </testcase> <!-- TC_03_Verify_Default_From_Field -->
  <testcase name="TC_05_Verify_Default_Dep_Date" time="0.0" classname="testCases.Flight_Test_Cases.Flight_TS_01">
    <ignored/>
  </testcase> <!-- TC_05_Verify_Default_Dep_Date -->
  <testcase name="TC_07_Verify_Default_Search_Btn" time="0.0" classname="testCases.Flight_Test_Cases.Flight_TS_01">
    <ignored/>
  </testcase> <!-- TC_07_Verify_Default_Search_Btn -->
</testsuite> <!-- TmpTest -->
