<?xml version="1.0" encoding="UTF-8"?>
<!-- Generated by org.testng.reporters.JUnitXMLReporter -->
<testsuite hostname="LIN37000696" ignored="0" name="TmpTest" tests="11" failures="0" timestamp="28 Feb 2020 18:46:37 GMT" time="9.711" errors="0">
  <testcase name="Verify_Colour_Flight_Icon" time="0.307" classname="testCases.Flight_Test_Cases.Flight_TC_01"/>
  <testcase name="Verify_Default_Arr_Date" time="0.0" classname="testCases.Flight_Test_Cases.Flight_TC_01"/>
  <testcase name="Verify_Default_Dep_Date" time="0.0" classname="testCases.Flight_Test_Cases.Flight_TC_01"/>
  <testcase name="Verify_Default_From_Field" time="0.22" classname="testCases.Flight_Test_Cases.Flight_TC_01"/>
  <testcase name="Verify_Default_Search_Btn" time="0.001" classname="testCases.Flight_Test_Cases.Flight_TC_01"/>
  <testcase name="Verify_Default_To_Field" time="0.066" classname="testCases.Flight_Test_Cases.Flight_TC_01"/>
  <testcase name="Verify_Default_TripType" time="0.0" classname="testCases.Flight_Test_Cases.Flight_TC_01"/>
  <testcase name="f1" time="0.001" classname="testCases.Flight_Test_Cases.Flight_TC_02"/>
  <testcase name="f" time="0.0" classname="testCases.Flight_Test_Cases.Flight_TC_04"/>
  <testcase name="f" time="0.0" classname="testCases.Flight_Test_Cases.Flight_TC_08"/>
  <testcase name="f" time="0.0" classname="testCases.Flight_Test_Cases.Flight_TC_09"/>
</testsuite> <!-- TmpTest -->
