<?xml version="1.0" encoding="UTF-8"?>
<!-- Generated by org.testng.reporters.JUnitXMLReporter -->
<testsuite hostname="LIN37000696" ignored="1" tests="0" failures="0" timestamp="18 Feb 2020 09:16:15 GMT" time="0.128" errors="0">
  <testcase name="@BeforeSuite testcasese" time="0.932" classname="base.BasePage">
    <failure type="java.io.FileNotFoundException" message="D:\Data_Driven_Java\Selenium_DataDriven\Data_Driven\Resources\Excel_Files\Regression.xlsx (The system cannot find the file specified)">
      <![CDATA[java.io.FileNotFoundException: D:\Data_Driven_Java\Selenium_DataDriven\Data_Driven\Resources\Excel_Files\Regression.xlsx (The system cannot find the file specified)
at java.io.FileInputStream.open0(Native Method)
at java.io.FileInputStream.open(Unknown Source)
at java.io.FileInputStream.<init>(Unknown Source)
at java.io.FileInputStream.<init>(Unknown Source)
at utilities.Excel_Reader.<init>(Excel_Reader.java:26)
at base.BasePage.testcasese(BasePage.java:62)
... Removed 20 stack frames]]>
    </failure>
  </testcase> <!-- @BeforeSuite testcasese -->
  <testcase name="test1" time="0.0" classname="testCases.Flight_Test_Cases.Flight_TC_01">
    <ignored/>
  </testcase> <!-- test1 -->
</testsuite>
