<?xml version="1.0" encoding="UTF-8"?>
<!-- Generated by org.testng.reporters.JUnitXMLReporter -->
<testsuite hostname="LIN37000696" ignored="0" name="Default test" tests="7" failures="0" timestamp="20 Feb 2020 05:02:35 GMT" time="8.977" errors="0">
  <testcase name="Verify_Colour_Flight_Icon" time="0.263" classname="testCases.Flight_Test_Cases.Flight_TC_01"/>
  <testcase name="Verify_Default_Arr_Date" time="0.002" classname="testCases.Flight_Test_Cases.Flight_TC_01"/>
  <testcase name="Verify_Default_Dep_Date" time="0.002" classname="testCases.Flight_Test_Cases.Flight_TC_01"/>
  <testcase name="Verify_Default_From_Field" time="0.828" classname="testCases.Flight_Test_Cases.Flight_TC_01"/>
  <testcase name="Verify_Default_Search_Btn" time="0.002" classname="testCases.Flight_Test_Cases.Flight_TC_01"/>
  <testcase name="Verify_Default_To_Field" time="0.129" classname="testCases.Flight_Test_Cases.Flight_TC_01"/>
  <testcase name="Verify_Default_TripType" time="0.003" classname="testCases.Flight_Test_Cases.Flight_TC_01"/>
</testsuite> <!-- Default test -->
